<?xml version="1.0" encoding="UTF-8"?>
<testsuite xmlns:xsi="http://www.w3.org/2001/XMLSchema-instance" xsi:noNamespaceSchemaLocation="https://maven.apache.org/surefire/maven-surefire-plugin/xsd/surefire-test-report.xsd" name="com.flight.flight.FlightApplicationTest" time="4.797" tests="13" errors="0" skipped="0" failures="0">
  <properties>
[...]
</properties>
  <testcase name="shouldGetFlightByFlightNumber" classname="com.flight.flight.FlightApplicationTest" time="0.623"/>
  <testcase name="shouldCreateFlight" classname="com.flight.flight.FlightApplicationTest" time="0.08"/>
  <testcase name="shouldGetAllFlights" classname="com.flight.flight.FlightApplicationTest" time="0.023"/>
  <testcase name="shouldSearchFlights" classname="com.flight.flight.FlightApplicationTest" time="0.025"/>
  <testcase name="shouldUpdateSeats" classname="com.flight.flight.FlightApplicationTest" time="0.049"/>
  <testcase name="shouldReturnNotFoundForNonExistingFlightNumber" classname="com.flight.flight.FlightApplicationTest" time="0.027"/>
  <testcase name="shouldGetFlightById" classname="com.flight.flight.FlightApplicationTest" time="0.061"/>
  <testcase name="shouldReturnHealthCheck" classname="com.flight.flight.FlightApplicationTest" time="0.02"/>
  <testcase name="shouldUpdateFlight" classname="com.flight.flight.FlightApplicationTest" time="0.022"/>
  <testcase name="shouldDeleteFlight" classname="com.flight.flight.FlightApplicationTest" time="0.024"/>
  <testcase name="shouldReduceSeats" classname="com.flight.flight.FlightApplicationTest" time="0.016"/>
  <testcase name="shouldNotReduceSeatsBelowZero" classname="com.flight.flight.FlightApplicationTest" time="0.015"/>
  <testcase name="shouldAddSeats" classname="com.flight.flight.FlightApplicationTest" time="0.018"/>
</testsuite>