<?xml version="1.0" encoding="UTF-8"?>
<testsuite xmlns:xsi="http://www.w3.org/2001/XMLSchema-instance" xsi:noNamespaceSchemaLocation="https://maven.apache.org/surefire/maven-surefire-plugin/xsd/surefire-test-report.xsd" name="com.flight.gateway.controller.BookingCoordinatorControllerTest" time="4.281" tests="4" errors="0" skipped="0" failures="0">
  <properties>
[...]
</properties>
  <testcase name="shouldCreateCompleteBookingSuccessfully" classname="com.flight.gateway.controller.BookingCoordinatorControllerTest" time="0.533"/>
  <testcase name="shouldReturnBadRequestWhenParamsBookingFails" classname="com.flight.gateway.controller.BookingCoordinatorControllerTest" time="0.014"/>
  <testcase name="shouldCreateCompleteBookingByParamsSuccessfully" classname="com.flight.gateway.controller.BookingCoordinatorControllerTest" time="0.007"/>
  <testcase name="shouldReturnBadRequestWhenBookingFails" classname="com.flight.gateway.controller.BookingCoordinatorControllerTest" time="0.008"/>
</testsuite>